# JRE version: Java(TM) SE Runtime Environment (8.0_74-b02) (build 1.8.0_74-b02)
# Java VM: Java HotSpot(TM) 64-Bit Server VM (25.74-b02 mixed mode linux-amd64 compressed oops)
Heap:
 PSYoungGen      total 266240K, used 12795K [0x00000000eb700000, 0x00000000fc800000, 0x0000000100000000)
  eden space 253440K, 0% used [0x00000000eb700000,0x00000000eb700000,0x00000000fae80000)
  from space 12800K, 99% used [0x00000000fae80000,0x00000000fbafecb0,0x00000000fbb00000)
  to   space 12288K, 0% used [0x00000000fbb00000,0x00000000fbb00000,0x00000000fc700000)
 ParOldGen       total 45056K, used 30080K [0x00000000c2400000, 0x00000000c5000000, 0x00000000eb700000)
  object space 45056K, 66% used [0x00000000c2400000,0x00000000c4160148,0x00000000c5000000)
 Metaspace       used 34568K, capacity 35246K, committed 35496K, reserved 1081344K
  class space    used 4283K, capacity 4482K, committed 4528K, reserved 1048576K
GC Heap History (10 events):
Event: 2,727 GC heap after
Heap after GC invocations=5 (full 0):
 PSYoungGen      total 66048K, used 2544K [0x00000000eb700000, 0x00000000f4300000, 0x0000000100000000)
  eden space 63488K, 0% used [0x00000000eb700000,0x00000000eb700000,0x00000000ef500000)
  from space 2560K, 99% used [0x00000000ef500000,0x00000000ef77c010,0x00000000ef780000)
  to   space 8192K, 0% used [0x00000000f3b00000,0x00000000f3b00000,0x00000000f4300000)
 ParOldGen       total 42496K, used 12015K [0x00000000c2400000, 0x00000000c4d80000, 0x00000000eb700000)
  object space 42496K, 28% used [0x00000000c2400000,0x00000000c2fbbc38,0x00000000c4d80000)
 Metaspace       used 13709K, capacity 14000K, committed 14080K, reserved 1060864K
  class space    used 1644K, capacity 1760K, committed 1792K, reserved 1048576K
}
Event: 3,193 GC heap before
{Heap before GC invocations=6 (full 0):
 PSYoungGen      total 66048K, used 66032K [0x00000000eb700000, 0x00000000f4300000, 0x0000000100000000)
  eden space 63488K, 100% used [0x00000000eb700000,0x00000000ef500000,0x00000000ef500000)
  from space 2560K, 99% used [0x00000000ef500000,0x00000000ef77c010,0x00000000ef780000)
  to   space 8192K, 0% used [0x00000000f3b00000,0x00000000f3b00000,0x00000000f4300000)
 ParOldGen       total 42496K, used 12015K [0x00000000c2400000, 0x00000000c4d80000, 0x00000000eb700000)
  object space 42496K, 28% used [0x00000000c2400000,0x00000000c2fbbc38,0x00000000c4d80000)
 Metaspace       used 14101K, capacity 14460K, committed 14592K, reserved 1062912K
  class space    used 1647K, capacity 1762K, committed 1792K, reserved 1048576K
Event: 3,218 GC heap after
Heap after GC invocations=6 (full 0):
 PSYoungGen      total 135168K, used 5184K [0x00000000eb700000, 0x00000000f4300000, 0x0000000100000000)
  eden space 126976K, 0% used [0x00000000eb700000,0x00000000eb700000,0x00000000f3300000)
  from space 8192K, 63% used [0x00000000f3b00000,0x00000000f4010020,0x00000000f4300000)
  to   space 8192K, 0% used [0x00000000f3300000,0x00000000f3300000,0x00000000f3b00000)
 ParOldGen       total 42496K, used 12023K [0x00000000c2400000, 0x00000000c4d80000, 0x00000000eb700000)
  object space 42496K, 28% used [0x00000000c2400000,0x00000000c2fbdc38,0x00000000c4d80000)
 Metaspace       used 14101K, capacity 14460K, committed 14592K, reserved 1062912K
  class space    used 1647K, capacity 1762K, committed 1792K, reserved 1048576K
}
Event: 4,450 GC heap before
{Heap before GC invocations=7 (full 0):
 PSYoungGen      total 135168K, used 132160K [0x00000000eb700000, 0x00000000f4300000, 0x0000000100000000)
  eden space 126976K, 100% used [0x00000000eb700000,0x00000000f3300000,0x00000000f3300000)
  from space 8192K, 63% used [0x00000000f3b00000,0x00000000f4010020,0x00000000f4300000)
  to   space 8192K, 0% used [0x00000000f3300000,0x00000000f3300000,0x00000000f3b00000)
 ParOldGen       total 42496K, used 12023K [0x00000000c2400000, 0x00000000c4d80000, 0x00000000eb700000)
  object space 42496K, 28% used [0x00000000c2400000,0x00000000c2fbdc38,0x00000000c4d80000)
 Metaspace       used 18492K, capacity 19108K, committed 19328K, reserved 1067008K
  class space    used 2155K, capacity 2352K, committed 2432K, reserved 1048576K
Event: 4,494 GC heap after
Heap after GC invocations=7 (full 0):
 PSYoungGen      total 135168K, used 8180K [0x00000000eb700000, 0x00000000fc700000, 0x0000000100000000)
  eden space 126976K, 0% used [0x00000000eb700000,0x00000000eb700000,0x00000000f3300000)
  from space 8192K, 99% used [0x00000000f3300000,0x00000000f3afd130,0x00000000f3b00000)
  to   space 12288K, 0% used [0x00000000fbb00000,0x00000000fbb00000,0x00000000fc700000)
 ParOldGen       total 42496K, used 17701K [0x00000000c2400000, 0x00000000c4d80000, 0x00000000eb700000)
  object space 42496K, 41% used [0x00000000c2400000,0x00000000c3549598,0x00000000c4d80000)
 Metaspace       used 18492K, capacity 19108K, committed 19328K, reserved 1067008K
  class space    used 2155K, capacity 2352K, committed 2432K, reserved 1048576K
}
Event: 4,705 GC heap before
{Heap before GC invocations=8 (full 0):
 PSYoungGen      total 135168K, used 22987K [0x00000000eb700000, 0x00000000fc700000, 0x0000000100000000)
  eden space 126976K, 11% used [0x00000000eb700000,0x00000000ec575d28,0x00000000f3300000)
  from space 8192K, 99% used [0x00000000f3300000,0x00000000f3afd130,0x00000000f3b00000)
  to   space 12288K, 0% used [0x00000000fbb00000,0x00000000fbb00000,0x00000000fc700000)
 ParOldGen       total 42496K, used 17701K [0x00000000c2400000, 0x00000000c4d80000, 0x00000000eb700000)
  object space 42496K, 41% used [0x00000000c2400000,0x00000000c3549598,0x00000000c4d80000)
 Metaspace       used 20761K, capacity 21284K, committed 21296K, reserved 1069056K
  class space    used 2445K, capacity 2608K, committed 2608K, reserved 1048576K
Event: 4,755 GC heap after
Heap after GC invocations=8 (full 0):
 PSYoungGen      total 265728K, used 9275K [0x00000000eb700000, 0x00000000fc800000, 0x0000000100000000)
  eden space 253440K, 0% used [0x00000000eb700000,0x00000000eb700000,0x00000000fae80000)
  from space 12288K, 75% used [0x00000000fbb00000,0x00000000fc40eca8,0x00000000fc700000)
  to   space 12800K, 0% used [0x00000000fae80000,0x00000000fae80000,0x00000000fbb00000)
 ParOldGen       total 42496K, used 19007K [0x00000000c2400000, 0x00000000c4d80000, 0x00000000eb700000)
  object space 42496K, 44% used [0x00000000c2400000,0x00000000c368fdc8,0x00000000c4d80000)
 Metaspace       used 20761K, capacity 21284K, committed 21296K, reserved 1069056K
  class space    used 2445K, capacity 2608K, committed 2608K, reserved 1048576K
}
Event: 4,755 GC heap before
{Heap before GC invocations=9 (full 1):
 PSYoungGen      total 265728K, used 9275K [0x00000000eb700000, 0x00000000fc800000, 0x0000000100000000)
  eden space 253440K, 0% used [0x00000000eb700000,0x00000000eb700000,0x00000000fae80000)
  from space 12288K, 75% used [0x00000000fbb00000,0x00000000fc40eca8,0x00000000fc700000)
  to   space 12800K, 0% used [0x00000000fae80000,0x00000000fae80000,0x00000000fbb00000)
 ParOldGen       total 42496K, used 19007K [0x00000000c2400000, 0x00000000c4d80000, 0x00000000eb700000)
  object space 42496K, 44% used [0x00000000c2400000,0x00000000c368fdc8,0x00000000c4d80000)
 Metaspace       used 20761K, capacity 21284K, committed 21296K, reserved 1069056K
  class space    used 2445K, capacity 2608K, committed 2608K, reserved 1048576K
Event: 4,876 GC heap after
Heap after GC invocations=9 (full 1):
 PSYoungGen      total 265728K, used 0K [0x00000000eb700000, 0x00000000fc800000, 0x0000000100000000)
  eden space 253440K, 0% used [0x00000000eb700000,0x00000000eb700000,0x00000000fae80000)
  from space 12288K, 0% used [0x00000000fbb00000,0x00000000fbb00000,0x00000000fc700000)
  to   space 12800K, 0% used [0x00000000fae80000,0x00000000fae80000,0x00000000fbb00000)
 ParOldGen       total 45056K, used 18167K [0x00000000c2400000, 0x00000000c5000000, 0x00000000eb700000)
  object space 45056K, 40% used [0x00000000c2400000,0x00000000c35bdec8,0x00000000c5000000)
 Metaspace       used 20761K, capacity 21284K, committed 21296K, reserved 1069056K
  class space    used 2445K, capacity 2608K, committed 2608K, reserved 1048576K
}
Event: 7,642 GC heap before
{Heap before GC invocations=10 (full 1):
 PSYoungGen      total 265728K, used 245471K [0x00000000eb700000, 0x00000000fc800000, 0x0000000100000000)
  eden space 253440K, 96% used [0x00000000eb700000,0x00000000fa6b7e88,0x00000000fae80000)
  from space 12288K, 0% used [0x00000000fbb00000,0x00000000fbb00000,0x00000000fc700000)
  to   space 12800K, 0% used [0x00000000fae80000,0x00000000fae80000,0x00000000fbb00000)
 ParOldGen       total 45056K, used 18167K [0x00000000c2400000, 0x00000000c5000000, 0x00000000eb700000)
  object space 45056K, 40% used [0x00000000c2400000,0x00000000c35bdec8,0x00000000c5000000)
 Metaspace       used 34568K, capacity 35246K, committed 35496K, reserved 1081344K
  class space    used 4283K, capacity 4482K, committed 4528K, reserved 1048576K

